SF:lib/src/json.dart
DA:18,2
DA:26,1
DA:29,1
DA:33,1
DA:37,1
DA:41,1
DA:45,1
DA:51,1
DA:53,1
DA:56,1
DA:59,1
DA:63,1
DA:64,1
DA:65,3
DA:66,3
DA:71,1
DA:72,1
DA:73,2
DA:74,2
DA:79,2
DA:82,1
DA:83,1
DA:86,1
DA:88,3
DA:93,1
DA:94,1
DA:95,1
DA:97,2
DA:99,3
DA:100,3
DA:103,1
DA:104,1
DA:105,1
DA:107,3
DA:110,1
DA:111,2
DA:114,3
DA:116,2
DA:123,1
DA:124,1
DA:125,1
DA:127,2
DA:129,3
DA:130,1
DA:131,1
DA:134,1
DA:135,1
DA:136,1
DA:138,1
DA:139,1
DA:141,1
DA:142,1
DA:145,1
DA:146,1
DA:147,2
DA:149,1
DA:150,1
DA:157,1
DA:158,2
DA:159,3
DA:163,1
DA:164,1
DA:167,2
DA:173,1
DA:174,3
DA:175,2
DA:179,1
DA:180,1
DA:183,2
DA:189,1
DA:190,1
DA:192,1
DA:196,1
DA:197,1
DA:200,2
DA:206,1
DA:207,2
DA:208,3
DA:212,1
DA:213,1
DA:216,0
DA:222,1
DA:223,2
DA:224,4
DA:226,2
DA:227,1
DA:231,1
DA:232,1
DA:235,0
DA:241,1
DA:242,2
DA:243,4
DA:245,2
DA:246,1
DA:250,1
DA:251,1
DA:254,0
DA:259,1
DA:260,4
DA:261,4
DA:262,2
DA:263,2
DA:264,3
DA:265,4
DA:266,4
DA:271,1
DA:272,1
DA:275,0
DA:279,0
DA:280,0
DA:285,0
DA:286,0
DA:291,0
DA:292,0
DA:297,0
DA:298,0
DA:303,0
DA:304,0
DA:309,0
DA:310,0
DA:315,0
DA:316,0
LF:122
LH:104
end_of_record
SF:lib/src/json_key.dart
DA:7,1
LF:1
LH:1
end_of_record
